This is pdfTeX, Version 3.141592653-2.6-1.40.22 (TeX Live 2022/dev/Debian) (preloaded format=pdflatex 2024.3.21)  1 MAY 2024 16:48
entering extended mode
 restricted \write18 enabled.
 file:line:error style messages enabled.
 %&-line parsing enabled.
**/home/jeanubuntu/public-files/CV/main.tex
(/home/jeanubuntu/public-files/CV/main.tex
LaTeX2e <2021-11-15> patch level 1
L3 programming layer <2022-01-21> (/usr/share/texlive/texmf-dist/tex/latex/base/article.cls
Document Class: article 2021/10/04 v1.4n Standard LaTeX document class
(/usr/share/texlive/texmf-dist/tex/latex/base/size10.clo
File: size10.clo 2021/10/04 v1.4n Standard LaTeX file (size option)
)
\c@part=\count185
\c@section=\count186
\c@subsection=\count187
\c@subsubsection=\count188
\c@paragraph=\count189
\c@subparagraph=\count190
\c@figure=\count191
\c@table=\count192
\abovecaptionskip=\skip47
\belowcaptionskip=\skip48
\bibindent=\dimen138
) (/usr/share/texlive/texmf-dist/tex/latex/l3backend/l3backend-pdftex.def
File: l3backend-pdftex.def 2022-01-12 L3 backend support: PDF output (pdfTeX)
\l__color_backend_stack_int=\count193
\l__pdf_internal_box=\box50
) (./main.aux)
\openout1 = `main.aux'.

LaTeX Font Info:    Checking defaults for OML/cmm/m/it on input line 2.
LaTeX Font Info:    ... okay on input line 2.
LaTeX Font Info:    Checking defaults for OMS/cmsy/m/n on input line 2.
LaTeX Font Info:    ... okay on input line 2.
LaTeX Font Info:    Checking defaults for OT1/cmr/m/n on input line 2.
LaTeX Font Info:    ... okay on input line 2.
LaTeX Font Info:    Checking defaults for T1/cmr/m/n on input line 2.
LaTeX Font Info:    ... okay on input line 2.
LaTeX Font Info:    Checking defaults for TS1/cmr/m/n on input line 2.
LaTeX Font Info:    ... okay on input line 2.
LaTeX Font Info:    Checking defaults for OMX/cmex/m/n on input line 2.
LaTeX Font Info:    ... okay on input line 2.
LaTeX Font Info:    Checking defaults for U/cmr/m/n on input line 2.
LaTeX Font Info:    ... okay on input line 2.
 (./aboutme.tex
Overfull \hbox (30.16724pt too wide) in paragraph at lines 1--24
\OT1/cmr/m/n/10 Depuis mon plus je-une ^age, j'ai tou-jours ^^Set^^Se pas-sionn^^Se par les sci-ences et l'apprentissage.
 []


Overfull \hbox (2.63942pt too wide) in paragraph at lines 1--24
\OT1/cmr/m/n/10 nom-breuses pos-si-bilit^^Ses d'applications dans des secteurs vari^^Ses, tels que l'^^Secologie,
 []

[1

{/var/lib/texmf/fonts/map/pdftex/updmap/pdftex.map}])
Overfull \hbox (13.19507pt too wide) in paragraph at lines 30--31
[]\OT1/cmr/m/n/10 Ba1 : Anal-yse I, Alg^^Rebre lin^^Seaire, Physique m^^Secanique, Chimie des mat^^Seriaux,
 []


Overfull \hbox (15.36182pt too wide) in paragraph at lines 34--38
\OT1/cmr/m/n/10 Dipl^ome d'Enseignement Sec-ondaire Sup^^Serieur (CESS), Ori-en-ta-tion Math^^Sematiques
 []


Underfull \hbox (badness 10000) in paragraph at lines 45--48

 []

[2] [3]
Underfull \hbox (badness 10000) in paragraph at lines 92--96

 []

LaTeX Font Info:    External font `cmex10' loaded for size
(Font)              <7> on input line 98.
LaTeX Font Info:    External font `cmex10' loaded for size
(Font)              <5> on input line 98.

Underfull \hbox (badness 10000) in paragraph at lines 97--104

 []


Overfull \hbox (18.27841pt too wide) in paragraph at lines 105--107
\OT1/cmr/m/n/10 "Ma-chine Learn-ing" sur Cours-era par Stan-ford et An-drew Ng, cours de 3Blue1Brown
 []


Underfull \hbox (badness 10000) in paragraph at lines 105--107

 []


Underfull \hbox (badness 10000) in paragraph at lines 108--112

 []


Underfull \hbox (badness 10000) in paragraph at lines 113--114

 []

[4]
Underfull \hbox (badness 10000) in paragraph at lines 120--128

 []


Overfull \hbox (4.66724pt too wide) in paragraph at lines 139--140
[]\OT1/cmr/m/n/10 R^^Sealisation d'un poster sci-en-tifique pr^^Sesentant une probl^^Sematique sp^^Secifique
 []

[5]
Overfull \hbox (4.13951pt too wide) in paragraph at lines 158--159
[]\OT1/cmr/m/n/10 Comp^^Setences d^^Sevelopp^^Sees : pro-gram-ma-tion en C, con-cep-tion d'algorithmes,
 []


Overfull \hbox (0.695pt too wide) in paragraph at lines 165--166
[]\OT1/cmr/m/n/10 Comp^^Setences d^^Sevelopp^^Sees : d^^Seveloppement web (HTML, CSS, JavaScript),
 []


Overfull \hbox (0.695pt too wide) in paragraph at lines 171--172
[]\OT1/cmr/m/n/10 Comp^^Setences d^^Sevelopp^^Sees : d^^Seveloppement web (HTML, CSS, JavaScript),
 []


Overfull \hbox (24.91728pt too wide) in paragraph at lines 182--183
[]\OT1/cmr/m/n/10 D^^Seveloppement d'un syst^^Reme de recom-man-da-tion mu-si-cale bas^^Se sur l'intelligence
 []

[6]
Overfull \hbox (32.30621pt too wide) in paragraph at lines 198--199
[]\OT1/cmr/m/n/10 Calculatrice ma-tricielle : pro-gramme pour ef-fectuer des op^^Serations math^^Sematiques
 []

[7] (./main.aux) ) 
Here is how much of TeX's memory you used:
 433 strings out of 478287
 7819 string characters out of 5849289
 306507 words of memory out of 5000000
 18703 multiletter control sequences out of 15000+600000
 471458 words of font info for 35 fonts, out of 8000000 for 9000
 1141 hyphenation exceptions out of 8191
 34i,5n,38p,617b,171s stack positions out of 5000i,500n,10000p,200000b,80000s
{/usr/share/texmf/fonts/enc/dvips/cm-super/cm-super-ts1.enc}</usr/share/texlive/texmf-dist/fonts/type1/public/amsfonts/cm/cmbx10.pfb></usr/share/texlive/texmf-dist/fonts/type1/public/amsfonts/cm/cmbx12.pfb></usr/share/texlive/texmf-dist/fonts/type1/public/amsfonts/cm/cmr10.pfb></usr/share/texlive/texmf-dist/fonts/type1/public/amsfonts/cm/cmr7.pfb></usr/share/texlive/texmf-dist/fonts/type1/public/amsfonts/cm/cmti10.pfb></usr/share/texmf/fonts/type1/public/cm-super/sfrm1000.pfb>
Output written on main.pdf (7 pages, 102902 bytes).
PDF statistics:
 59 PDF objects out of 1000 (max. 8388607)
 37 compressed objects within 1 object stream
 0 named destinations out of 1000 (max. 500000)
 1 words of extra memory for PDF output out of 10000 (max. 10000000)

